13:21:15 **** Incremental Build of configuration Debug for project ejercicio 3-6 ****
Info: Internal Builder is used for build
gcc -O0 -g3 -Wall -c -fmessage-length=0 -o "src\\ejercicio 3-6.o" "..\\src\\ejercicio 3-6.c" 
gcc -O0 -g3 -Wall -c -fmessage-length=0 -o "src\\funciones.o" "..\\src\\funciones.c" 
..\src\funciones.c: In function 'pedir':
..\src\funciones.c:13:2: warning: implicit declaration of function 'printf' [-Wimplicit-function-declaration]
   13 |  printf("ingrese un numero con decimal entre el 200 y 350: ");
      |  ^~~~~~
..\src\funciones.c:13:2: warning: incompatible implicit declaration of built-in function 'printf'
..\src\funciones.c:1:1: note: include '<stdio.h>' or provide a declaration of 'printf'
  +++ |+#include <stdio.h>
    1 | /*
..\src\funciones.c:14:2: warning: implicit declaration of function 'scanf' [-Wimplicit-function-declaration]
   14 |  scanf("%f", &numero);
      |  ^~~~~
..\src\funciones.c:14:2: warning: incompatible implicit declaration of built-in function 'scanf'
..\src\funciones.c:14:2: note: include '<stdio.h>' or provide a declaration of 'scanf'
..\src\funciones.c: In function 'mostrarNumero':
..\src\funciones.c:22:2: warning: incompatible implicit declaration of built-in function 'printf'
   22 |  printf("el numero con decimal ingresado es: %.2f", numero);
      |  ^~~~~~
..\src\funciones.c:22:2: note: include '<stdio.h>' or provide a declaration of 'printf'
..\src\funciones.c: In function 'asignar':
..\src\funciones.c:40:2: warning: incompatible implicit declaration of built-in function 'printf'
   40 |  printf("ingrese un valor entre 10 y 100: ");
      |  ^~~~~~
..\src\funciones.c:40:2: note: include '<stdio.h>' or provide a declaration of 'printf'
..\src\funciones.c:41:2: warning: incompatible implicit declaration of built-in function 'scanf'
   41 |  scanf("%d", &num);
      |  ^~~~~
..\src\funciones.c:41:2: note: include '<stdio.h>' or provide a declaration of 'scanf'
gcc -o "ejercicio 3-6.exe" "src\\ejercicio 3-6.o" "src\\funciones.o" 

13:21:16 Build Finished. 0 errors, 7 warnings. (took 942ms)

